<?xml version="1.0" encoding="UTF-8"?>
<testsuite name="org.example.classes.Class3Test" tests="1" skipped="0" failures="0" errors="0" timestamp="2022-12-05T05:38:39" hostname="LAPTOP-1SALL4HT" time="0.021">
  <properties/>
  <testcase name="testMethod1()" classname="org.example.classes.Class3Test" time="0.021"/>
  <system-out><![CDATA[Hello!bye
]]></system-out>
  <system-err><![CDATA[]]></system-err>
</testsuite>
